c:\users\katon\desktop\projekt\of_v0.10.0_vs2017_release\of_v0.10.0_vs2017_release\apps\myapps\spielauswertungmapping\obj\debug\vc141.pdb
c:\users\katon\desktop\projekt\of_v0.10.0_vs2017_release\of_v0.10.0_vs2017_release\apps\myapps\addons\ofxxmlsettings\src\ofxxmlsettings.obj
c:\users\katon\desktop\projekt\of_v0.10.0_vs2017_release\of_v0.10.0_vs2017_release\apps\myapps\addons\ofxcv\libs\ofxcv\src\distance.obj
c:\users\katon\desktop\projekt\of_v0.10.0_vs2017_release\of_v0.10.0_vs2017_release\apps\myapps\addons\ofxcv\libs\ofxcv\src\helpers.obj
c:\users\katon\desktop\projekt\of_v0.10.0_vs2017_release\of_v0.10.0_vs2017_release\apps\myapps\addons\ofxcv\libs\ofxcv\src\objectfinder.obj
c:\users\katon\desktop\projekt\of_v0.10.0_vs2017_release\of_v0.10.0_vs2017_release\apps\myapps\addons\ofxcv\libs\ofxcv\src\contourfinder.obj
c:\users\katon\desktop\projekt\of_v0.10.0_vs2017_release\of_v0.10.0_vs2017_release\apps\myapps\addons\ofxcv\libs\ofxcv\src\kalman.obj
c:\users\katon\desktop\projekt\of_v0.10.0_vs2017_release\of_v0.10.0_vs2017_release\apps\myapps\addons\ofxcv\libs\ofxcv\src\calibration.obj
c:\users\katon\desktop\projekt\of_v0.10.0_vs2017_release\of_v0.10.0_vs2017_release\apps\myapps\addons\ofxcv\libs\ofxcv\src\tracker.obj
c:\users\katon\desktop\projekt\of_v0.10.0_vs2017_release\of_v0.10.0_vs2017_release\apps\myapps\addons\ofxcv\libs\ofxcv\src\wrappers.obj
c:\users\katon\desktop\projekt\of_v0.10.0_vs2017_release\of_v0.10.0_vs2017_release\apps\myapps\addons\ofxcv\libs\ofxcv\src\flow.obj
c:\users\katon\desktop\projekt\of_v0.10.0_vs2017_release\of_v0.10.0_vs2017_release\apps\myapps\addons\ofxcv\libs\ofxcv\src\runningbackground.obj
c:\users\katon\desktop\projekt\of_v0.10.0_vs2017_release\of_v0.10.0_vs2017_release\apps\myapps\addons\ofxcv\libs\ofxcv\src\utilities.obj
c:\users\katon\desktop\projekt\of_v0.10.0_vs2017_release\of_v0.10.0_vs2017_release\apps\myapps\addons\ofxcv\libs\cld\src\fdog.obj
c:\users\katon\desktop\projekt\of_v0.10.0_vs2017_release\of_v0.10.0_vs2017_release\apps\myapps\addons\ofxcv\libs\cld\src\etf.obj
c:\users\katon\desktop\projekt\of_v0.10.0_vs2017_release\of_v0.10.0_vs2017_release\apps\myapps\addons\ofxopencv\src\ofxcvcontourfinder.obj
c:\users\katon\desktop\projekt\of_v0.10.0_vs2017_release\of_v0.10.0_vs2017_release\apps\myapps\addons\ofxopencv\src\ofxcvfloatimage.obj
c:\users\katon\desktop\projekt\of_v0.10.0_vs2017_release\of_v0.10.0_vs2017_release\apps\myapps\addons\ofxopencv\src\ofxcvhaarfinder.obj
c:\users\katon\desktop\projekt\of_v0.10.0_vs2017_release\of_v0.10.0_vs2017_release\apps\myapps\addons\ofxopencv\src\ofxcvcolorimage.obj
c:\users\katon\desktop\projekt\of_v0.10.0_vs2017_release\of_v0.10.0_vs2017_release\apps\myapps\addons\ofxopencv\src\ofxcvshortimage.obj
c:\users\katon\desktop\projekt\of_v0.10.0_vs2017_release\of_v0.10.0_vs2017_release\apps\myapps\addons\ofxopencv\src\ofxcvgrayscaleimage.obj
c:\users\katon\desktop\projekt\of_v0.10.0_vs2017_release\of_v0.10.0_vs2017_release\apps\myapps\addons\ofxopencv\src\ofxcvimage.obj
c:\users\katon\desktop\projekt\of_v0.10.0_vs2017_release\of_v0.10.0_vs2017_release\apps\myapps\addons\ofxwarp\src\ofxwarp\warpbase.obj
c:\users\katon\desktop\projekt\of_v0.10.0_vs2017_release\of_v0.10.0_vs2017_release\apps\myapps\addons\ofxwarp\src\ofxwarp\warpperspective.obj
c:\users\katon\desktop\projekt\of_v0.10.0_vs2017_release\of_v0.10.0_vs2017_release\apps\myapps\addons\ofxwarp\src\ofxwarp\warpperspectivebilinear.obj
c:\users\katon\desktop\projekt\of_v0.10.0_vs2017_release\of_v0.10.0_vs2017_release\apps\myapps\addons\ofxwarp\src\ofxwarp\warpbilinear.obj
c:\users\katon\desktop\projekt\of_v0.10.0_vs2017_release\of_v0.10.0_vs2017_release\apps\myapps\addons\ofxwarp\src\ofxwarp\controller.obj
c:\users\katon\desktop\projekt\of_v0.10.0_vs2017_release\of_v0.10.0_vs2017_release\apps\myapps\addons\ofxxmlsettings\libs\tinyxmlerror.obj
c:\users\katon\desktop\projekt\of_v0.10.0_vs2017_release\of_v0.10.0_vs2017_release\apps\myapps\addons\ofxxmlsettings\libs\tinyxml.obj
c:\users\katon\desktop\projekt\of_v0.10.0_vs2017_release\of_v0.10.0_vs2017_release\apps\myapps\addons\ofxxmlsettings\libs\tinyxmlparser.obj
c:\users\katon\desktop\projekt\of_v0.10.0_vs2017_release\of_v0.10.0_vs2017_release\apps\myapps\spielauswertungmapping\obj\debug\src\main.obj
c:\users\katon\desktop\projekt\of_v0.10.0_vs2017_release\of_v0.10.0_vs2017_release\apps\myapps\spielauswertungmapping\obj\debug\src\particle.obj
c:\users\katon\desktop\projekt\of_v0.10.0_vs2017_release\of_v0.10.0_vs2017_release\apps\myapps\spielauswertungmapping\obj\debug\src\imageparticlesystem.obj
c:\users\katon\desktop\projekt\of_v0.10.0_vs2017_release\of_v0.10.0_vs2017_release\apps\myapps\spielauswertungmapping\obj\debug\src\drawableimage.obj
c:\users\katon\desktop\projekt\of_v0.10.0_vs2017_release\of_v0.10.0_vs2017_release\apps\myapps\spielauswertungmapping\obj\debug\src\rainparticlesystem.obj
c:\users\katon\desktop\projekt\of_v0.10.0_vs2017_release\of_v0.10.0_vs2017_release\apps\myapps\spielauswertungmapping\obj\debug\src\ofapp.obj
c:\users\katon\desktop\projekt\of_v0.10.0_vs2017_release\of_v0.10.0_vs2017_release\apps\myapps\spielauswertungmapping\bin\spielauswertungmapping_debug.exe
c:\users\katon\desktop\projekt\of_v0.10.0_vs2017_release\of_v0.10.0_vs2017_release\apps\myapps\spielauswertungmapping\bin\spielauswertungmapping_debug.ilk
c:\users\katon\desktop\projekt\of_v0.10.0_vs2017_release\of_v0.10.0_vs2017_release\apps\myapps\spielauswertungmapping\bin\spielauswertungmapping_debug.pdb
c:\users\katon\desktop\projekt\of_v0.10.0_vs2017_release\of_v0.10.0_vs2017_release\apps\myapps\spielauswertungmapping\obj\debug\icon.res
c:\users\katon\desktop\projekt\of_v0.10.0_vs2017_release\of_v0.10.0_vs2017_release\apps\myapps\spielauswertungmapping\bin\spielauswertungmapping_debug.lib
c:\users\katon\desktop\projekt\of_v0.10.0_vs2017_release\of_v0.10.0_vs2017_release\apps\myapps\spielauswertungmapping\bin\spielauswertungmapping_debug.exp
c:\users\katon\desktop\projekt\of_v0.10.0_vs2017_release\of_v0.10.0_vs2017_release\apps\myapps\spielauswertungmapping\obj\debug\spielaus.7fd42df7.tlog\cl.command.1.tlog
c:\users\katon\desktop\projekt\of_v0.10.0_vs2017_release\of_v0.10.0_vs2017_release\apps\myapps\spielauswertungmapping\obj\debug\spielaus.7fd42df7.tlog\cl.read.1.tlog
c:\users\katon\desktop\projekt\of_v0.10.0_vs2017_release\of_v0.10.0_vs2017_release\apps\myapps\spielauswertungmapping\obj\debug\spielaus.7fd42df7.tlog\cl.write.1.tlog
c:\users\katon\desktop\projekt\of_v0.10.0_vs2017_release\of_v0.10.0_vs2017_release\apps\myapps\spielauswertungmapping\obj\debug\spielaus.7fd42df7.tlog\link.command.1.tlog
c:\users\katon\desktop\projekt\of_v0.10.0_vs2017_release\of_v0.10.0_vs2017_release\apps\myapps\spielauswertungmapping\obj\debug\spielaus.7fd42df7.tlog\link.read.1.tlog
c:\users\katon\desktop\projekt\of_v0.10.0_vs2017_release\of_v0.10.0_vs2017_release\apps\myapps\spielauswertungmapping\obj\debug\spielaus.7fd42df7.tlog\link.write.1.tlog
c:\users\katon\desktop\projekt\of_v0.10.0_vs2017_release\of_v0.10.0_vs2017_release\apps\myapps\spielauswertungmapping\obj\debug\spielaus.7fd42df7.tlog\rc.command.1.tlog
c:\users\katon\desktop\projekt\of_v0.10.0_vs2017_release\of_v0.10.0_vs2017_release\apps\myapps\spielauswertungmapping\obj\debug\spielaus.7fd42df7.tlog\rc.read.1.tlog
c:\users\katon\desktop\projekt\of_v0.10.0_vs2017_release\of_v0.10.0_vs2017_release\apps\myapps\spielauswertungmapping\obj\debug\spielaus.7fd42df7.tlog\rc.write.1.tlog
c:\users\katon\desktop\projekt\of_v0.10.0_vs2017_release\of_v0.10.0_vs2017_release\apps\myapps\spielauswertungmapping\obj\debug\spielaus.7fd42df7.tlog\spielauswertungmapping.write.1u.tlog
