  main.cpp
  ofApp.cpp
  Controller.cpp
  WarpBase.cpp
c:\users\katon\desktop\projekt\of_v0.10.0_vs2017_release\of_v0.10.0_vs2017_release\addons\ofxwarp\src\ofxwarp\warpbase.cpp(449): warning C4018: '<': signed/unsigned mismatch
c:\users\katon\desktop\projekt\of_v0.10.0_vs2017_release\of_v0.10.0_vs2017_release\addons\ofxcv\libs\ofxcv\include\ofxcv\tracker.h(326): warning C4018: '<': signed/unsigned mismatch (compiling source file src\main.cpp)
c:\users\katon\desktop\projekt\of_v0.10.0_vs2017_release\of_v0.10.0_vs2017_release\addons\ofxcv\libs\ofxcv\include\ofxcv\tracker.h(326): warning C4018: '<': signed/unsigned mismatch (compiling source file src\ofApp.cpp)
c:\users\katon\desktop\projekt\of_v0.10.0_vs2017_release\of_v0.10.0_vs2017_release\apps\myapps\spielauswertungmapping\src\ofapp.cpp(58): warning C4996: 'ofImage_<unsigned char>::loadImage': Use load instead
  c:\users\katon\desktop\projekt\of_v0.10.0_vs2017_release\of_v0.10.0_vs2017_release\libs\openframeworks\graphics\ofimage.h(227): note: see declaration of 'ofImage_<unsigned char>::loadImage'
c:\users\katon\desktop\projekt\of_v0.10.0_vs2017_release\of_v0.10.0_vs2017_release\apps\myapps\spielauswertungmapping\src\ofapp.cpp(59): warning C4996: 'ofImage_<unsigned char>::loadImage': Use load instead
  c:\users\katon\desktop\projekt\of_v0.10.0_vs2017_release\of_v0.10.0_vs2017_release\libs\openframeworks\graphics\ofimage.h(227): note: see declaration of 'ofImage_<unsigned char>::loadImage'
c:\users\katon\desktop\projekt\of_v0.10.0_vs2017_release\of_v0.10.0_vs2017_release\apps\myapps\spielauswertungmapping\src\ofapp.cpp(60): warning C4996: 'ofImage_<unsigned char>::loadImage': Use load instead
  c:\users\katon\desktop\projekt\of_v0.10.0_vs2017_release\of_v0.10.0_vs2017_release\libs\openframeworks\graphics\ofimage.h(227): note: see declaration of 'ofImage_<unsigned char>::loadImage'
c:\users\katon\desktop\projekt\of_v0.10.0_vs2017_release\of_v0.10.0_vs2017_release\apps\myapps\spielauswertungmapping\src\ofapp.cpp(79): warning C4018: '<': signed/unsigned mismatch
c:\users\katon\desktop\projekt\of_v0.10.0_vs2017_release\of_v0.10.0_vs2017_release\apps\myapps\spielauswertungmapping\src\ofapp.cpp(90): warning C4018: '>': signed/unsigned mismatch
c:\users\katon\desktop\projekt\of_v0.10.0_vs2017_release\of_v0.10.0_vs2017_release\apps\myapps\spielauswertungmapping\src\ofapp.cpp(101): warning C4018: '<': signed/unsigned mismatch
c:\users\katon\desktop\projekt\of_v0.10.0_vs2017_release\of_v0.10.0_vs2017_release\apps\myapps\spielauswertungmapping\src\ofapp.cpp(102): warning C4018: '<': signed/unsigned mismatch
c:\users\katon\desktop\projekt\of_v0.10.0_vs2017_release\of_v0.10.0_vs2017_release\apps\myapps\spielauswertungmapping\src\ofapp.cpp(121): warning C4018: '<': signed/unsigned mismatch
c:\users\katon\desktop\projekt\of_v0.10.0_vs2017_release\of_v0.10.0_vs2017_release\apps\myapps\spielauswertungmapping\src\ofapp.cpp(151): warning C4018: '<': signed/unsigned mismatch
c:\users\katon\desktop\projekt\of_v0.10.0_vs2017_release\of_v0.10.0_vs2017_release\apps\myapps\spielauswertungmapping\src\ofapp.cpp(187): warning C4018: '<': signed/unsigned mismatch
c:\users\katon\desktop\projekt\of_v0.10.0_vs2017_release\of_v0.10.0_vs2017_release\apps\myapps\spielauswertungmapping\src\ofapp.cpp(239): warning C4018: '<=': signed/unsigned mismatch
c:\users\katon\desktop\projekt\of_v0.10.0_vs2017_release\of_v0.10.0_vs2017_release\apps\myapps\spielauswertungmapping\src\ofapp.cpp(263): warning C4018: '<': signed/unsigned mismatch
c:\users\katon\desktop\projekt\of_v0.10.0_vs2017_release\of_v0.10.0_vs2017_release\apps\myapps\spielauswertungmapping\src\ofapp.cpp(276): warning C4018: '<': signed/unsigned mismatch
c:\users\katon\desktop\projekt\of_v0.10.0_vs2017_release\of_v0.10.0_vs2017_release\apps\myapps\spielauswertungmapping\src\ofapp.cpp(286): warning C4018: '<': signed/unsigned mismatch
  WarpBilinear.cpp
  WarpPerspective.cpp
  WarpPerspectiveBilinear.cpp
c:\users\katon\desktop\projekt\of_v0.10.0_vs2017_release\of_v0.10.0_vs2017_release\addons\ofxwarp\src\ofxwarp\warpbilinear.cpp(118): warning C4018: '<': signed/unsigned mismatch
c:\users\katon\desktop\projekt\of_v0.10.0_vs2017_release\of_v0.10.0_vs2017_release\addons\ofxwarp\src\ofxwarp\warpbilinear.cpp(120): warning C4018: '<': signed/unsigned mismatch
c:\users\katon\desktop\projekt\of_v0.10.0_vs2017_release\of_v0.10.0_vs2017_release\addons\ofxwarp\src\ofxwarp\warpbilinear.cpp(225): warning C4018: '<': signed/unsigned mismatch
c:\users\katon\desktop\projekt\of_v0.10.0_vs2017_release\of_v0.10.0_vs2017_release\addons\ofxwarp\src\ofxwarp\warpbilinear.cpp(274): warning C4018: '<': signed/unsigned mismatch
c:\users\katon\desktop\projekt\of_v0.10.0_vs2017_release\of_v0.10.0_vs2017_release\addons\ofxwarp\src\ofxwarp\warpbilinear.cpp(277): warning C4018: '>=': signed/unsigned mismatch
c:\users\katon\desktop\projekt\of_v0.10.0_vs2017_release\of_v0.10.0_vs2017_release\addons\ofxwarp\src\ofxwarp\warpbilinear.cpp(288): warning C4018: '<': signed/unsigned mismatch
c:\users\katon\desktop\projekt\of_v0.10.0_vs2017_release\of_v0.10.0_vs2017_release\addons\ofxwarp\src\ofxwarp\warpbilinear.cpp(291): warning C4018: '>=': signed/unsigned mismatch
c:\users\katon\desktop\projekt\of_v0.10.0_vs2017_release\of_v0.10.0_vs2017_release\addons\ofxwarp\src\ofxwarp\warpbilinear.cpp(443): warning C4018: '>': signed/unsigned mismatch
c:\users\katon\desktop\projekt\of_v0.10.0_vs2017_release\of_v0.10.0_vs2017_release\addons\ofxwarp\src\ofxwarp\warpbilinear.cpp(447): warning C4018: '>': signed/unsigned mismatch
c:\users\katon\desktop\projekt\of_v0.10.0_vs2017_release\of_v0.10.0_vs2017_release\addons\ofxwarp\src\ofxwarp\warpbilinear.cpp(479): warning C4018: '<': signed/unsigned mismatch
c:\users\katon\desktop\projekt\of_v0.10.0_vs2017_release\of_v0.10.0_vs2017_release\addons\ofxwarp\src\ofxwarp\warpbilinear.cpp(484): warning C4018: '<': signed/unsigned mismatch
c:\users\katon\desktop\projekt\of_v0.10.0_vs2017_release\of_v0.10.0_vs2017_release\addons\ofxwarp\src\ofxwarp\warpbilinear.cpp(501): warning C4018: '<': signed/unsigned mismatch
c:\users\katon\desktop\projekt\of_v0.10.0_vs2017_release\of_v0.10.0_vs2017_release\addons\ofxwarp\src\ofxwarp\warpbilinear.cpp(519): warning C4018: '<': signed/unsigned mismatch
c:\users\katon\desktop\projekt\of_v0.10.0_vs2017_release\of_v0.10.0_vs2017_release\addons\ofxwarp\src\ofxwarp\warpbilinear.cpp(564): warning C4018: '<': signed/unsigned mismatch
c:\users\katon\desktop\projekt\of_v0.10.0_vs2017_release\of_v0.10.0_vs2017_release\addons\ofxwarp\src\ofxwarp\warpbilinear.cpp(570): warning C4018: '<': signed/unsigned mismatch
c:\users\katon\desktop\projekt\of_v0.10.0_vs2017_release\of_v0.10.0_vs2017_release\addons\ofxwarp\src\ofxwarp\warpbilinear.cpp(587): warning C4018: '<': signed/unsigned mismatch
c:\users\katon\desktop\projekt\of_v0.10.0_vs2017_release\of_v0.10.0_vs2017_release\addons\ofxwarp\src\ofxwarp\warpbilinear.cpp(605): warning C4018: '<': signed/unsigned mismatch
c:\users\katon\desktop\projekt\of_v0.10.0_vs2017_release\of_v0.10.0_vs2017_release\addons\ofxwarp\src\ofxwarp\warpbilinear.cpp(681): warning C4018: '<': signed/unsigned mismatch
c:\users\katon\desktop\projekt\of_v0.10.0_vs2017_release\of_v0.10.0_vs2017_release\addons\ofxwarp\src\ofxwarp\warpbilinear.cpp(699): warning C4018: '<': signed/unsigned mismatch
     Creating library bin\dmnWarp_debug.lib and object bin\dmnWarp_debug.exp
  dmnWarp.vcxproj -> C:\Users\Katon\Desktop\Projekt\of_v0.10.0_vs2017_release\of_v0.10.0_vs2017_release\apps\myApps\SpielauswertungMapping\bin\dmnWarp_debug.exe
  
  	                   2	C:\Users\Katon\Desktop\Projekt\of_v0.10.0_vs2017_release\of_v0.10.0_vs2017_release\libs\fmodex\lib\vs\Win32\
  	  *EXTRA Datei		 6018560	C:\Users\Katon\Desktop\Projekt\of_v0.10.0_vs2017_release\of_v0.10.0_vs2017_release\apps\myApps\SpielauswertungMapping\bin\FreeImage.dll
  	         Älter		 1266176	C:\Users\Katon\Desktop\Projekt\of_v0.10.0_vs2017_release\of_v0.10.0_vs2017_release\libs\fmodex\lib\vs\Win32\fmodex.dll
  	         Älter		 1312768	C:\Users\Katon\Desktop\Projekt\of_v0.10.0_vs2017_release\of_v0.10.0_vs2017_release\libs\fmodex\lib\vs\Win32\fmodexL.dll
  
  	                   1	C:\Users\Katon\Desktop\Projekt\of_v0.10.0_vs2017_release\of_v0.10.0_vs2017_release\libs\FreeImage\lib\vs\Win32\
  	  *EXTRA Datei		 1266176	C:\Users\Katon\Desktop\Projekt\of_v0.10.0_vs2017_release\of_v0.10.0_vs2017_release\apps\myApps\SpielauswertungMapping\bin\fmodex.dll
  	  *EXTRA Datei		 1312768	C:\Users\Katon\Desktop\Projekt\of_v0.10.0_vs2017_release\of_v0.10.0_vs2017_release\apps\myApps\SpielauswertungMapping\bin\fmodexL.dll
  	         Älter		 5647872	C:\Users\Katon\Desktop\Projekt\of_v0.10.0_vs2017_release\of_v0.10.0_vs2017_release\libs\FreeImage\lib\vs\Win32\FreeImage.dll
