c:\users\katon\desktop\projekt\of_v0.10.0_vs2017_release\of_v0.10.0_vs2017_release\apps\myapps\spielauswertungmapping\obj\win32\debug\calibration.obj
c:\users\katon\desktop\projekt\of_v0.10.0_vs2017_release\of_v0.10.0_vs2017_release\apps\myapps\spielauswertungmapping\obj\win32\debug\distance.obj
c:\users\katon\desktop\projekt\of_v0.10.0_vs2017_release\of_v0.10.0_vs2017_release\apps\myapps\spielauswertungmapping\obj\win32\debug\flow.obj
c:\users\katon\desktop\projekt\of_v0.10.0_vs2017_release\of_v0.10.0_vs2017_release\apps\myapps\spielauswertungmapping\obj\win32\debug\tracker.obj
c:\users\katon\desktop\projekt\of_v0.10.0_vs2017_release\of_v0.10.0_vs2017_release\apps\myapps\spielauswertungmapping\obj\win32\debug\ofxcvfloatimage.obj
c:\users\katon\desktop\projekt\of_v0.10.0_vs2017_release\of_v0.10.0_vs2017_release\apps\myapps\spielauswertungmapping\obj\win32\debug\ofxcvimage.obj
c:\users\katon\desktop\projekt\of_v0.10.0_vs2017_release\of_v0.10.0_vs2017_release\apps\myapps\spielauswertungmapping\obj\win32\debug\warpbilinear.obj
c:\users\katon\desktop\projekt\of_v0.10.0_vs2017_release\of_v0.10.0_vs2017_release\apps\myapps\spielauswertungmapping\obj\win32\debug\etf.obj
c:\users\katon\desktop\projekt\of_v0.10.0_vs2017_release\of_v0.10.0_vs2017_release\apps\myapps\spielauswertungmapping\obj\win32\debug\helpers.obj
c:\users\katon\desktop\projekt\of_v0.10.0_vs2017_release\of_v0.10.0_vs2017_release\apps\myapps\spielauswertungmapping\obj\win32\debug\runningbackground.obj
c:\users\katon\desktop\projekt\of_v0.10.0_vs2017_release\of_v0.10.0_vs2017_release\apps\myapps\spielauswertungmapping\obj\win32\debug\ofxcvcolorimage.obj
c:\users\katon\desktop\projekt\of_v0.10.0_vs2017_release\of_v0.10.0_vs2017_release\apps\myapps\spielauswertungmapping\obj\win32\debug\ofxcvhaarfinder.obj
c:\users\katon\desktop\projekt\of_v0.10.0_vs2017_release\of_v0.10.0_vs2017_release\apps\myapps\spielauswertungmapping\obj\win32\debug\warpbase.obj
c:\users\katon\desktop\projekt\of_v0.10.0_vs2017_release\of_v0.10.0_vs2017_release\apps\myapps\spielauswertungmapping\obj\win32\debug\particleswitch.obj
c:\users\katon\desktop\projekt\of_v0.10.0_vs2017_release\of_v0.10.0_vs2017_release\apps\myapps\spielauswertungmapping\obj\win32\debug\contourfinder.obj
c:\users\katon\desktop\projekt\of_v0.10.0_vs2017_release\of_v0.10.0_vs2017_release\apps\myapps\spielauswertungmapping\obj\win32\debug\objectfinder.obj
c:\users\katon\desktop\projekt\of_v0.10.0_vs2017_release\of_v0.10.0_vs2017_release\apps\myapps\spielauswertungmapping\obj\win32\debug\wrappers.obj
c:\users\katon\desktop\projekt\of_v0.10.0_vs2017_release\of_v0.10.0_vs2017_release\apps\myapps\spielauswertungmapping\obj\win32\debug\ofxcvgrayscaleimage.obj
c:\users\katon\desktop\projekt\of_v0.10.0_vs2017_release\of_v0.10.0_vs2017_release\apps\myapps\spielauswertungmapping\obj\win32\debug\controller.obj
c:\users\katon\desktop\projekt\of_v0.10.0_vs2017_release\of_v0.10.0_vs2017_release\apps\myapps\spielauswertungmapping\obj\win32\debug\warpperspectivebilinear.obj
c:\users\katon\desktop\projekt\of_v0.10.0_vs2017_release\of_v0.10.0_vs2017_release\apps\myapps\spielauswertungmapping\obj\win32\debug\fdog.obj
c:\users\katon\desktop\projekt\of_v0.10.0_vs2017_release\of_v0.10.0_vs2017_release\apps\myapps\spielauswertungmapping\obj\win32\debug\kalman.obj
c:\users\katon\desktop\projekt\of_v0.10.0_vs2017_release\of_v0.10.0_vs2017_release\apps\myapps\spielauswertungmapping\obj\win32\debug\utilities.obj
c:\users\katon\desktop\projekt\of_v0.10.0_vs2017_release\of_v0.10.0_vs2017_release\apps\myapps\spielauswertungmapping\obj\win32\debug\ofxcvcontourfinder.obj
c:\users\katon\desktop\projekt\of_v0.10.0_vs2017_release\of_v0.10.0_vs2017_release\apps\myapps\spielauswertungmapping\obj\win32\debug\ofxcvshortimage.obj
c:\users\katon\desktop\projekt\of_v0.10.0_vs2017_release\of_v0.10.0_vs2017_release\apps\myapps\spielauswertungmapping\obj\win32\debug\warpperspective.obj
c:\users\katon\desktop\projekt\of_v0.10.0_vs2017_release\of_v0.10.0_vs2017_release\apps\myapps\spielauswertungmapping\obj\win32\debug\ofapp.obj
c:\users\katon\desktop\projekt\of_v0.10.0_vs2017_release\of_v0.10.0_vs2017_release\apps\myapps\spielauswertungmapping\obj\win32\debug\images.obj
c:\users\katon\desktop\projekt\of_v0.10.0_vs2017_release\of_v0.10.0_vs2017_release\apps\myapps\spielauswertungmapping\obj\win32\debug\main.obj
c:\users\katon\desktop\projekt\of_v0.10.0_vs2017_release\of_v0.10.0_vs2017_release\apps\myapps\spielauswertungmapping\obj\win32\debug\drawableimage.obj
c:\users\katon\desktop\projekt\of_v0.10.0_vs2017_release\of_v0.10.0_vs2017_release\apps\myapps\spielauswertungmapping\obj\win32\debug\vc141.pdb
c:\users\katon\desktop\projekt\of_v0.10.0_vs2017_release\of_v0.10.0_vs2017_release\apps\myapps\spielauswertungmapping\obj\win32\debug\particle.obj
c:\users\katon\desktop\projekt\of_v0.10.0_vs2017_release\of_v0.10.0_vs2017_release\apps\myapps\spielauswertungmapping\obj\win32\debug\particlesystem.obj
c:\users\katon\desktop\projekt\of_v0.10.0_vs2017_release\of_v0.10.0_vs2017_release\apps\myapps\spielauswertungmapping\bin\dmnwarp_debug.lib
c:\users\katon\desktop\projekt\of_v0.10.0_vs2017_release\of_v0.10.0_vs2017_release\apps\myapps\spielauswertungmapping\bin\dmnwarp_debug.exp
c:\users\katon\desktop\projekt\of_v0.10.0_vs2017_release\of_v0.10.0_vs2017_release\apps\myapps\spielauswertungmapping\bin\dmnwarp_debug.exe
c:\users\katon\desktop\projekt\of_v0.10.0_vs2017_release\of_v0.10.0_vs2017_release\apps\myapps\spielauswertungmapping\bin\dmnwarp_debug.ilk
c:\users\katon\desktop\projekt\of_v0.10.0_vs2017_release\of_v0.10.0_vs2017_release\apps\myapps\spielauswertungmapping\bin\dmnwarp_debug.pdb
c:\users\katon\desktop\projekt\of_v0.10.0_vs2017_release\of_v0.10.0_vs2017_release\apps\myapps\spielauswertungmapping\obj\win32\debug\icon.res
c:\users\katon\desktop\projekt\of_v0.10.0_vs2017_release\of_v0.10.0_vs2017_release\apps\myapps\spielauswertungmapping\obj\win32\debug\dmnwarp.tlog\cl.command.1.tlog
c:\users\katon\desktop\projekt\of_v0.10.0_vs2017_release\of_v0.10.0_vs2017_release\apps\myapps\spielauswertungmapping\obj\win32\debug\dmnwarp.tlog\cl.read.1.tlog
c:\users\katon\desktop\projekt\of_v0.10.0_vs2017_release\of_v0.10.0_vs2017_release\apps\myapps\spielauswertungmapping\obj\win32\debug\dmnwarp.tlog\cl.write.1.tlog
c:\users\katon\desktop\projekt\of_v0.10.0_vs2017_release\of_v0.10.0_vs2017_release\apps\myapps\spielauswertungmapping\obj\win32\debug\dmnwarp.tlog\dmnwarp.write.1u.tlog
c:\users\katon\desktop\projekt\of_v0.10.0_vs2017_release\of_v0.10.0_vs2017_release\apps\myapps\spielauswertungmapping\obj\win32\debug\dmnwarp.tlog\link.command.1.tlog
c:\users\katon\desktop\projekt\of_v0.10.0_vs2017_release\of_v0.10.0_vs2017_release\apps\myapps\spielauswertungmapping\obj\win32\debug\dmnwarp.tlog\link.read.1.tlog
c:\users\katon\desktop\projekt\of_v0.10.0_vs2017_release\of_v0.10.0_vs2017_release\apps\myapps\spielauswertungmapping\obj\win32\debug\dmnwarp.tlog\link.write.1.tlog
c:\users\katon\desktop\projekt\of_v0.10.0_vs2017_release\of_v0.10.0_vs2017_release\apps\myapps\spielauswertungmapping\obj\win32\debug\dmnwarp.tlog\rc.command.1.tlog
c:\users\katon\desktop\projekt\of_v0.10.0_vs2017_release\of_v0.10.0_vs2017_release\apps\myapps\spielauswertungmapping\obj\win32\debug\dmnwarp.tlog\rc.read.1.tlog
c:\users\katon\desktop\projekt\of_v0.10.0_vs2017_release\of_v0.10.0_vs2017_release\apps\myapps\spielauswertungmapping\obj\win32\debug\dmnwarp.tlog\rc.write.1.tlog
