  ofApp.cpp
d:\of_v0.10.1_vs2017_release\addons\ofxcv\libs\ofxcv\include\ofxcv\tracker.h(326): warning C4018: '<': signed/unsigned mismatch
d:\of_v0.10.1_vs2017_release\apps\myapps\dmnwarp\src\ofapp.cpp(58): warning C4996: 'ofImage_<unsigned char>::loadImage': Use load instead
  d:\of_v0.10.1_vs2017_release\libs\openframeworks\graphics\ofimage.h(227): note: see declaration of 'ofImage_<unsigned char>::loadImage'
d:\of_v0.10.1_vs2017_release\apps\myapps\dmnwarp\src\ofapp.cpp(59): warning C4996: 'ofImage_<unsigned char>::loadImage': Use load instead
  d:\of_v0.10.1_vs2017_release\libs\openframeworks\graphics\ofimage.h(227): note: see declaration of 'ofImage_<unsigned char>::loadImage'
d:\of_v0.10.1_vs2017_release\apps\myapps\dmnwarp\src\ofapp.cpp(60): warning C4996: 'ofImage_<unsigned char>::loadImage': Use load instead
  d:\of_v0.10.1_vs2017_release\libs\openframeworks\graphics\ofimage.h(227): note: see declaration of 'ofImage_<unsigned char>::loadImage'
d:\of_v0.10.1_vs2017_release\apps\myapps\dmnwarp\src\ofapp.cpp(79): warning C4018: '<': signed/unsigned mismatch
d:\of_v0.10.1_vs2017_release\apps\myapps\dmnwarp\src\ofapp.cpp(90): warning C4018: '>': signed/unsigned mismatch
d:\of_v0.10.1_vs2017_release\apps\myapps\dmnwarp\src\ofapp.cpp(101): warning C4018: '<': signed/unsigned mismatch
d:\of_v0.10.1_vs2017_release\apps\myapps\dmnwarp\src\ofapp.cpp(102): warning C4018: '<': signed/unsigned mismatch
d:\of_v0.10.1_vs2017_release\apps\myapps\dmnwarp\src\ofapp.cpp(121): warning C4018: '<': signed/unsigned mismatch
d:\of_v0.10.1_vs2017_release\apps\myapps\dmnwarp\src\ofapp.cpp(151): warning C4018: '<': signed/unsigned mismatch
d:\of_v0.10.1_vs2017_release\apps\myapps\dmnwarp\src\ofapp.cpp(187): warning C4018: '<': signed/unsigned mismatch
d:\of_v0.10.1_vs2017_release\apps\myapps\dmnwarp\src\ofapp.cpp(239): warning C4018: '<=': signed/unsigned mismatch
d:\of_v0.10.1_vs2017_release\apps\myapps\dmnwarp\src\ofapp.cpp(263): warning C4018: '<': signed/unsigned mismatch
d:\of_v0.10.1_vs2017_release\apps\myapps\dmnwarp\src\ofapp.cpp(276): warning C4018: '<': signed/unsigned mismatch
d:\of_v0.10.1_vs2017_release\apps\myapps\dmnwarp\src\ofapp.cpp(286): warning C4018: '<': signed/unsigned mismatch
  dmnWarp.vcxproj -> D:\of_v0.10.1_vs2017_release\apps\myApps\dmnWarp\bin\dmnWarp_debug.exe
  
  	                   2	D:\of_v0.10.1_vs2017_release\libs\fmodex\lib\vs\Win32\
  	  *EXTRA File 		 6018560	D:\of_v0.10.1_vs2017_release\apps\myApps\dmnWarp\bin\FreeImage.dll
  
  	                   1	D:\of_v0.10.1_vs2017_release\libs\FreeImage\lib\vs\Win32\
  	  *EXTRA File 		 1266176	D:\of_v0.10.1_vs2017_release\apps\myApps\dmnWarp\bin\fmodex.dll
  	  *EXTRA File 		 1312768	D:\of_v0.10.1_vs2017_release\apps\myApps\dmnWarp\bin\fmodexL.dll
